0 info it worked if it ends with ok
1 verbose cli [ 'node', '/usr/local/bin/npm', 'install', '-g', 'localtunnel' ]
2 info using npm@2.10.1
3 info using node@v0.12.4
4 verbose install initial load of /usr/local/lib/package.json
5 verbose readDependencies loading dependencies from /usr/local/lib/package.json
6 silly cache add args [ 'localtunnel', null ]
7 verbose cache add spec localtunnel
8 silly cache add parsed spec { raw: 'localtunnel',
8 silly cache add   scope: null,
8 silly cache add   name: 'localtunnel',
8 silly cache add   rawSpec: '',
8 silly cache add   spec: '*',
8 silly cache add   type: 'range' }
9 silly addNamed localtunnel@*
10 verbose addNamed "*" is a valid semver range for localtunnel
11 silly addNameRange { name: 'localtunnel', range: '*', hasData: false }
12 silly mapToRegistry name localtunnel
13 silly mapToRegistry using default registry
14 silly mapToRegistry registry https://registry.npmjs.org/
15 silly mapToRegistry uri https://registry.npmjs.org/localtunnel
16 verbose addNameRange registry:https://registry.npmjs.org/localtunnel not in flight; fetching
17 verbose request uri https://registry.npmjs.org/localtunnel
18 verbose request no auth needed
19 info attempt registry request try #1 at 2:21:57 PM
20 verbose request id c9c6fd6506af2a12
21 verbose etag "BB5U7LOSERS4TD91LDYD4LEDL"
22 http request GET https://registry.npmjs.org/localtunnel
23 http 304 https://registry.npmjs.org/localtunnel
24 silly get cb [ 304,
24 silly get   { date: 'Tue, 26 May 2015 12:21:58 GMT',
24 silly get     via: '1.1 varnish',
24 silly get     'cache-control': 'max-age=60',
24 silly get     etag: '"BB5U7LOSERS4TD91LDYD4LEDL"',
24 silly get     age: '36',
24 silly get     connection: 'keep-alive',
24 silly get     'x-served-by': 'cache-ams4149-AMS',
24 silly get     'x-cache': 'HIT',
24 silly get     'x-cache-hits': '1',
24 silly get     'x-timer': 'S1432642918.076620,VS0,VE0',
24 silly get     vary: 'Accept' } ]
25 verbose etag https://registry.npmjs.org/localtunnel from cache
26 verbose get saving localtunnel to /Users/henrikfjeldberg/.npm/registry.npmjs.org/localtunnel/.cache.json
27 silly addNameRange number 2 { name: 'localtunnel', range: '*', hasData: true }
28 silly addNameRange versions [ 'localtunnel',
28 silly addNameRange   [ '0.0.0',
28 silly addNameRange     '0.0.1',
28 silly addNameRange     '0.0.2',
28 silly addNameRange     '0.0.3',
28 silly addNameRange     '0.0.4',
28 silly addNameRange     '0.1.0',
28 silly addNameRange     '0.1.1',
28 silly addNameRange     '0.1.2',
28 silly addNameRange     '0.1.3',
28 silly addNameRange     '0.2.0',
28 silly addNameRange     '0.2.1',
28 silly addNameRange     '0.2.2',
28 silly addNameRange     '1.0.0',
28 silly addNameRange     '1.1.0',
28 silly addNameRange     '1.1.1',
28 silly addNameRange     '1.1.2',
28 silly addNameRange     '1.2.0',
28 silly addNameRange     '1.3.0',
28 silly addNameRange     '1.4.0',
28 silly addNameRange     '1.5.0' ] ]
29 silly addNamed localtunnel@1.5.0
30 verbose addNamed "1.5.0" is a plain semver version for localtunnel
31 silly cache afterAdd localtunnel@1.5.0
32 verbose afterAdd /Users/henrikfjeldberg/.npm/localtunnel/1.5.0/package/package.json not in flight; writing
33 verbose afterAdd /Users/henrikfjeldberg/.npm/localtunnel/1.5.0/package/package.json written
34 silly install resolved [ { author: { name: 'Roman Shtylman', email: 'shtylman@gmail.com' },
34 silly install resolved     name: 'localtunnel',
34 silly install resolved     description: 'expose localhost to the world',
34 silly install resolved     version: '1.5.0',
34 silly install resolved     repository:
34 silly install resolved      { type: 'git',
34 silly install resolved        url: 'git://github.com/shtylman/localtunnel.git' },
34 silly install resolved     dependencies: { request: '2.11.4', optimist: '0.3.4', debug: '0.7.4' },
34 silly install resolved     devDependencies: { mocha: '~1.17.0' },
34 silly install resolved     scripts: { test: 'mocha --ui qunit --reporter list --timeout 10000 -- test/index.js' },
34 silly install resolved     bin: { lt: './bin/client' },
34 silly install resolved     main: './client.js',
34 silly install resolved     gitHead: 'a6845ec63bd4f485f3c45c4272eb38733448ee05',
34 silly install resolved     bugs: { url: 'https://github.com/shtylman/localtunnel/issues' },
34 silly install resolved     homepage: 'https://github.com/shtylman/localtunnel',
34 silly install resolved     _id: 'localtunnel@1.5.0',
34 silly install resolved     _shasum: '5be949779325e9f3273021a3f38d2e7a8dcd7c4f',
34 silly install resolved     _from: 'localtunnel@*',
34 silly install resolved     _npmVersion: '1.4.23',
34 silly install resolved     _npmUser: { name: 'shtylman', email: 'shtylman@gmail.com' },
34 silly install resolved     maintainers: [ [Object] ],
34 silly install resolved     dist:
34 silly install resolved      { shasum: '5be949779325e9f3273021a3f38d2e7a8dcd7c4f',
34 silly install resolved        tarball: 'http://registry.npmjs.org/localtunnel/-/localtunnel-1.5.0.tgz' },
34 silly install resolved     directories: {},
34 silly install resolved     _resolved: 'https://registry.npmjs.org/localtunnel/-/localtunnel-1.5.0.tgz',
34 silly install resolved     readme: 'ERROR: No README data found!' } ]
35 info install localtunnel@1.5.0 into /usr/local/lib
36 info installOne localtunnel@1.5.0
37 verbose installOne of localtunnel to /usr/local/lib not in flight; installing
38 verbose lock using /Users/henrikfjeldberg/.npm/_locks/localtunnel-7dc996a9645fd287.lock for /usr/local/lib/node_modules/localtunnel
39 silly install write writing localtunnel 1.5.0 to /usr/local/lib/node_modules/localtunnel
40 verbose unbuild lib/node_modules/localtunnel
41 info preuninstall localtunnel@1.5.0
42 info uninstall localtunnel@1.5.0
43 verbose unbuild rmStuff localtunnel@1.5.0 from /usr/local/lib/node_modules
44 silly gentlyRm /usr/local/bin/lt is being gently removed
45 silly gentlyRm verifying /usr/local is an npm working directory
46 silly gentlyRm containing path /usr/local is under npm's control, in /usr/local
47 silly gentlyRm deletion target /usr/local/bin/lt is under /usr/local
48 verbose gentlyRm vacuuming from /usr/local/bin/lt up to /usr/local
49 silly vacuum-fs removing /usr/local/bin/lt
50 silly vacuum-fs quitting because other entries in /usr/local/bin
51 info postuninstall localtunnel@1.5.0
52 silly gentlyRm /usr/local/lib/node_modules/localtunnel is being purged from base /usr/local
53 verbose gentlyRm don't care about contents; nuking /usr/local/lib/node_modules/localtunnel
54 silly vacuum-fs purging /usr/local/lib/node_modules/localtunnel
55 verbose unlock done using /Users/henrikfjeldberg/.npm/_locks/localtunnel-7dc996a9645fd287.lock for /usr/local/lib/node_modules/localtunnel
56 verbose stack Error: EACCES, rmdir '/usr/local/lib/node_modules/localtunnel'
56 verbose stack     at Error (native)
57 verbose cwd /Users/henrikfjeldberg/dev/rh
58 error Darwin 14.3.0
59 error argv "node" "/usr/local/bin/npm" "install" "-g" "localtunnel"
60 error node v0.12.4
61 error npm  v2.10.1
62 error path /usr/local/lib/node_modules/localtunnel
63 error code EACCES
64 error errno -13
65 error Error: EACCES, rmdir '/usr/local/lib/node_modules/localtunnel'
65 error     at Error (native)
65 error  { [Error: EACCES, rmdir '/usr/local/lib/node_modules/localtunnel']
65 error   errno: -13,
65 error   code: 'EACCES',
65 error   path: '/usr/local/lib/node_modules/localtunnel' }
66 error Please try running this command again as root/Administrator.
67 verbose exit [ -13, true ]
68 verbose unbuild lib/node_modules/localtunnel
69 info preuninstall localtunnel@1.5.0
70 info uninstall localtunnel@1.5.0
71 verbose unbuild rmStuff localtunnel@1.5.0 from /usr/local/lib/node_modules
72 silly gentlyRm /usr/local/bin/lt is being gently removed
73 silly gentlyRm verifying /usr/local is an npm working directory
74 silly gentlyRm containing path /usr/local is under npm's control, in /usr/local
75 silly gentlyRm deletion target /usr/local/bin/lt is under /usr/local
76 verbose gentlyRm vacuuming from /usr/local/bin/lt up to /usr/local
77 info postuninstall localtunnel@1.5.0
78 silly gentlyRm /usr/local/lib/node_modules/localtunnel is being purged from base /usr/local
79 verbose gentlyRm don't care about contents; nuking /usr/local/lib/node_modules/localtunnel
80 silly vacuum-fs purging /usr/local/lib/node_modules/localtunnel
81 error error rolling back Error: EACCES, rmdir '/usr/local/lib/node_modules/localtunnel'
81 error error rolling back     at Error (native)
81 error error rolling back  { [Error: EACCES, rmdir '/usr/local/lib/node_modules/localtunnel']
81 error error rolling back   errno: -13,
81 error error rolling back   code: 'EACCES',
81 error error rolling back   path: '/usr/local/lib/node_modules/localtunnel' }
